./bench.sh -d ./HammerDB-4.8 -u root -p MyNewPass@1 -w 1 -t fill,bench -v 1 -db mysql -r 1 -port 5432 -b 1 -n "-C 6-11" -dbc "0-5" -o /root/kubernetes_files/thebeginner86/workloads/db/HammerRuns --verbose
pid 1919642's current affinity list: 0-5
pid 1919642's new affinity list: 0-5
pid 1919645's current affinity list: 0-5
pid 1919645's new affinity list: 0-5
pid 1919646's current affinity list: 0-5
pid 1919646's new affinity list: 0-5
pid 1919647's current affinity list: 0-5
pid 1919647's new affinity list: 0-5
pid 1919648's current affinity list: 0-5
pid 1919648's new affinity list: 0-5
pid 1919649's current affinity list: 0-5
pid 1919649's new affinity list: 0-5
pid 1919650's current affinity list: 0-5
pid 1919650's new affinity list: 0-5
pid 1919651's current affinity list: 0-5
pid 1919651's new affinity list: 0-5
pid 1919652's current affinity list: 0-5
pid 1919652's new affinity list: 0-5
pid 1919653's current affinity list: 0-5
pid 1919653's new affinity list: 0-5
pid 1919654's current affinity list: 0-5
pid 1919654's new affinity list: 0-5
pid 1919655's current affinity list: 0-5
pid 1919655's new affinity list: 0-5
pid 1919656's current affinity list: 0-5
pid 1919656's new affinity list: 0-5
pid 1919657's current affinity list: 0-5
pid 1919657's new affinity list: 0-5
pid 1919658's current affinity list: 0-5
pid 1919658's new affinity list: 0-5
pid 1919659's current affinity list: 0-5
pid 1919659's new affinity list: 0-5
pid 1919660's current affinity list: 0-5
pid 1919660's new affinity list: 0-5
pid 1919661's current affinity list: 0-5
pid 1919661's new affinity list: 0-5
pid 1919662's current affinity list: 0-5
pid 1919662's new affinity list: 0-5
pid 1919663's current affinity list: 0-5
pid 1919663's new affinity list: 0-5
pid 1919664's current affinity list: 0-5
pid 1919664's new affinity list: 0-5
pid 1919665's current affinity list: 0-5
pid 1919665's new affinity list: 0-5
pid 1919666's current affinity list: 0-5
pid 1919666's new affinity list: 0-5
pid 1919667's current affinity list: 0-5
pid 1919667's new affinity list: 0-5
pid 1919668's current affinity list: 0-5
pid 1919668's new affinity list: 0-5
pid 1919669's current affinity list: 0-5
pid 1919669's new affinity list: 0-5
pid 1919670's current affinity list: 0-5
pid 1919670's new affinity list: 0-5
pid 1919671's current affinity list: 0-5
pid 1919671's new affinity list: 0-5
pid 1919672's current affinity list: 0-5
pid 1919672's new affinity list: 0-5
pid 1919673's current affinity list: 0-5
pid 1919673's new affinity list: 0-5
pid 1919674's current affinity list: 0-5
pid 1919674's new affinity list: 0-5
pid 1919675's current affinity list: 0-5
pid 1919675's new affinity list: 0-5
pid 1919676's current affinity list: 0-5
pid 1919676's new affinity list: 0-5
pid 1919677's current affinity list: 0-5
pid 1919677's new affinity list: 0-5
pid 1919678's current affinity list: 0-5
pid 1919678's new affinity list: 0-5
pid 1919679's current affinity list: 0-5
pid 1919679's new affinity list: 0-5
pid 1919680's current affinity list: 0-5
pid 1919680's new affinity list: 0-5
pid 1919681's current affinity list: 0-5
pid 1919681's new affinity list: 0-5
pid 1919682's current affinity list: 0-5
pid 1919682's new affinity list: 0-5
pid 1919683's current affinity list: 0-5
pid 1919683's new affinity list: 0-5
pid 1919684's current affinity list: 0-5
pid 1919684's new affinity list: 0-5
pid 1919685's current affinity list: 0-5
pid 1919685's new affinity list: 0-5
pid 1919686's current affinity list: 0-5
pid 1919686's new affinity list: 0-5
pid 1919687's current affinity list: 0-5
pid 1919687's new affinity list: 0-5
pid 1919688's current affinity list: 0-5
pid 1919688's new affinity list: 0-5
pid 1919689's current affinity list: 0-5
pid 1919689's new affinity list: 0-5
pid 1919690's current affinity list: 0-5
pid 1919690's new affinity list: 0-5
pid 1919691's current affinity list: 0-5
pid 1919691's new affinity list: 0-5
pid 1919692's current affinity list: 0-5
pid 1919692's new affinity list: 0-5
pid 1919693's current affinity list: 0-5
pid 1919693's new affinity list: 0-5
pid 1919694's current affinity list: 0-5
pid 1919694's new affinity list: 0-5
pid 1919695's current affinity list: 0-5
pid 1919695's new affinity list: 0-5
pid 1919696's current affinity list: 0-5
pid 1919696's new affinity list: 0-5
pid 1919697's current affinity list: 0-5
pid 1919697's new affinity list: 0-5
pid 1919698's current affinity list: 0-5
pid 1919698's new affinity list: 0-5
pid 1919699's current affinity list: 0-5
pid 1919699's new affinity list: 0-5
pid 1919700's current affinity list: 0-5
pid 1919700's new affinity list: 0-5
pid 1919701's current affinity list: 0-5
pid 1919701's new affinity list: 0-5
pid 1919702's current affinity list: 0-5
pid 1919702's new affinity list: 0-5
pid 1919703's current affinity list: 0-5
pid 1919703's new affinity list: 0-5
pid 1919704's current affinity list: 0-5
pid 1919704's new affinity list: 0-5
pid 1919705's current affinity list: 0-5
pid 1919705's new affinity list: 0-5
pid 1919706's current affinity list: 0-5
pid 1919706's new affinity list: 0-5
pid 1919707's current affinity list: 0-5
pid 1919707's new affinity list: 0-5
pid 1919708's current affinity list: 0-5
pid 1919708's new affinity list: 0-5
pid 1919709's current affinity list: 0-5
pid 1919709's new affinity list: 0-5
pid 1919710's current affinity list: 0-5
pid 1919710's new affinity list: 0-5
pid 1919711's current affinity list: 0-5
pid 1919711's new affinity list: 0-5
pid 1919712's current affinity list: 0-5
pid 1919712's new affinity list: 0-5
pid 1919713's current affinity list: 0-5
pid 1919713's new affinity list: 0-5
pid 1919714's current affinity list: 0-5
pid 1919714's new affinity list: 0-5
pid 1919715's current affinity list: 0-5
pid 1919715's new affinity list: 0-5
pid 1919716's current affinity list: 0-5
pid 1919716's new affinity list: 0-5
pid 1919717's current affinity list: 0-5
pid 1919717's new affinity list: 0-5
pid 1919718's current affinity list: 0-5
pid 1919718's new affinity list: 0-5
pid 1919719's current affinity list: 0-5
pid 1919719's new affinity list: 0-5
pid 1919720's current affinity list: 0-5
pid 1919720's new affinity list: 0-5
pid 1919725's current affinity list: 0-5
pid 1919725's new affinity list: 0-5
pid 1919726's current affinity list: 0-5
pid 1919726's new affinity list: 0-5
pid 1919727's current affinity list: 0-5
pid 1919727's new affinity list: 0-5
pid 1919728's current affinity list: 0-5
pid 1919728's new affinity list: 0-5
pid 1919729's current affinity list: 0-5
pid 1919729's new affinity list: 0-5
pid 1919730's current affinity list: 0-5
pid 1919730's new affinity list: 0-5
pid 1919731's current affinity list: 0-5
pid 1919731's new affinity list: 0-5
pid 1919732's current affinity list: 0-5
pid 1919732's new affinity list: 0-5
pid 1919733's current affinity list: 0-5
pid 1919733's new affinity list: 0-5
pid 1919734's current affinity list: 0-5
pid 1919734's new affinity list: 0-5
pid 1919738's current affinity list: 0-5
pid 1919738's new affinity list: 0-5
pid 1919739's current affinity list: 0-5
pid 1919739's new affinity list: 0-5
pid 1919740's current affinity list: 0-5
pid 1919740's new affinity list: 0-5
pid 1919741's current affinity list: 0-5
pid 1919741's new affinity list: 0-5
pid 1919742's current affinity list: 0-5
pid 1919742's new affinity list: 0-5
pid 1919743's current affinity list: 0-5
pid 1919743's new affinity list: 0-5
pid 1919744's current affinity list: 0-5
pid 1919744's new affinity list: 0-5
pid 1919745's current affinity list: 0-5
pid 1919745's new affinity list: 0-5
pid 1919746's current affinity list: 0-5
pid 1919746's new affinity list: 0-5
pid 1919748's current affinity list: 0-5
pid 1919748's new affinity list: 0-5
pid 1919790's current affinity list: 0-5
pid 1919790's new affinity list: 0-5

+++++++++++++++++++++++++++++++++++++++++++++
Filling Database with 1 warehouses
+++++++++++++++++++++++++++++++++++++++++++++

Created HammerDB fill scripts at /root/kubernetes_files/thebeginner86/workloads/db/HammerRuns/HammerDB-Run-2025-02-06_01:46:28/scripts/mysql_fill.tcl
HammerDB CLI v4.8
Copyright (C) 2003-2023 Steve Shaw
Type "help" for a list of commands
Initialized Jobs on-disk database /tmp/hammer.DB using existing tables (172,032 KB)
Database set to MySQL
Benchmark set to TPC-C for MySQL
Value MyNewPass@1 for tpcc:mysql_pass is the same as existing value MyNewPass@1, no change made
Value root for tpcc:mysql_user is the same as existing value root, no change made
Value localhost for connection:mysql_host is the same as existing value localhost, no change made
Value 5432 for connection:mysql_port is the same as existing value 5432, no change made
Value 1 for tpcc:mysql_count_ware is the same as existing value 1, no change made
Value 1 for tpcc:mysql_num_vu is the same as existing value 1, no change made
Value 10000000 for tpcc:mysql_total_iterations is the same as existing value 10000000, no change made
Script cleared
Building 1 Warehouses(s) with 1 Virtual User
Ready to create a 1 Warehouse MySQL TPROC-C schema
in host LOCALHOST:/TMP/MYSQL.SOCK under user ROOT in database TPCC with storage engine INNODB?
Enter yes or no: replied yes
Vuser 1 created - WAIT IDLE
Vuser 1:RUNNING
Vuser 1:CREATING TPCC SCHEMA
Vuser 1:Ssl_cipher
Vuser 1:CREATING DATABASE tpcc
Vuser 1:CREATING TPCC TABLES
Vuser 1:Loading Item
Vuser 1:Loading Items - 50000
Vuser 1:Loading Items - 100000
Vuser 1:Item done
Vuser 1:Start:Thu Feb 06 01:46:35 EST 2025
Vuser 1:Loading Warehouse
Vuser 1:Loading Stock Wid=1
Vuser 1:Loading Stock - 20000
Vuser 1:Loading Stock - 40000
Vuser 1:Loading Stock - 60000
Vuser 1:Loading Stock - 80000
Vuser 1:Loading Stock - 100000
Vuser 1:Stock done
Vuser 1:Loading District
Vuser 1:District done
Vuser 1:Loading Customer for DID=1 WID=1
Vuser 1:Customer Done
Vuser 1:Loading Customer for DID=2 WID=1
Vuser 1:Customer Done
Vuser 1:Loading Customer for DID=3 WID=1
Vuser 1:Customer Done
Vuser 1:Loading Customer for DID=4 WID=1
Vuser 1:Customer Done
Vuser 1:Loading Customer for DID=5 WID=1
Vuser 1:Customer Done
Vuser 1:Loading Customer for DID=6 WID=1
Vuser 1:Customer Done
Vuser 1:Loading Customer for DID=7 WID=1
Vuser 1:Customer Done
Vuser 1:Loading Customer for DID=8 WID=1
Vuser 1:Customer Done
Vuser 1:Loading Customer for DID=9 WID=1
Vuser 1:Customer Done
Vuser 1:Loading Customer for DID=10 WID=1
Vuser 1:Customer Done
Vuser 1:Loading Orders for D=1 W=1
Vuser 1:...1000
Vuser 1:...2000
Vuser 1:...3000
Vuser 1:Orders Done
Vuser 1:Loading Orders for D=2 W=1
Vuser 1:...1000
Vuser 1:...2000
Vuser 1:...3000
Vuser 1:Orders Done
Vuser 1:Loading Orders for D=3 W=1
Vuser 1:...1000
Vuser 1:...2000
Vuser 1:...3000
Vuser 1:Orders Done
Vuser 1:Loading Orders for D=4 W=1
Vuser 1:...1000
Vuser 1:...2000
Vuser 1:...3000
Vuser 1:Orders Done
Vuser 1:Loading Orders for D=5 W=1
Vuser 1:...1000
Vuser 1:...2000
Vuser 1:...3000
Vuser 1:Orders Done
Vuser 1:Loading Orders for D=6 W=1
Vuser 1:...1000
Vuser 1:...2000
Vuser 1:...3000
Vuser 1:Orders Done
Vuser 1:Loading Orders for D=7 W=1
Vuser 1:...1000
Vuser 1:...2000
Vuser 1:...3000
Vuser 1:Orders Done
Vuser 1:Loading Orders for D=8 W=1
Vuser 1:...1000
Vuser 1:...2000
Vuser 1:...3000
Vuser 1:Orders Done
Vuser 1:Loading Orders for D=9 W=1
Vuser 1:...1000
Vuser 1:...2000
Vuser 1:...3000
Vuser 1:Orders Done
Vuser 1:Loading Orders for D=10 W=1
Vuser 1:...1000
Vuser 1:...2000
Vuser 1:...3000
Vuser 1:Orders Done
Vuser 1:End:Thu Feb 06 01:47:01 EST 2025
Vuser 1:CREATING TPCC STORED PROCEDURES
Vuser 1:GATHERING SCHEMA STATISTICS
Vuser 1:TPCC SCHEMA COMPLETE
Vuser 1:FINISHED SUCCESS
ALL VIRTUAL USERS COMPLETE

+++++++++++++++++++++++++++++++++++++++++++++
Running Benchmark with 1 virtual users
+++++++++++++++++++++++++++++++++++++++++++++

Created HammerDB bench scripts at /root/kubernetes_files/thebeginner86/workloads/db/HammerRuns/HammerDB-Run-2025-02-06_01:46:28/scripts/mysql_bench.tcl
HammerDB CLI v4.8
Copyright (C) 2003-2023 Steve Shaw
Type "help" for a list of commands
Initialized Jobs on-disk database /tmp/hammer.DB using existing tables (180,224 KB)
Database set to MySQL
Benchmark set to TPC-C for MySQL
Value MyNewPass@1 for tpcc:mysql_pass is the same as existing value MyNewPass@1, no change made
Value root for tpcc:mysql_user is the same as existing value root, no change made
Value localhost for connection:mysql_host is the same as existing value localhost, no change made
Value 5432 for connection:mysql_port is the same as existing value 5432, no change made
No Virtual Users found to destroy
Value timed for tpcc:mysql_driver is the same as existing value timed, no change made
Value true for tpcc:mysql_timeprofile is the same as existing value true, no change made
Value 1 for tpcc:mysql_rampup is the same as existing value 1, no change made
Value 1 for tpcc:mysql_duration is the same as existing value 1, no change made
Script loaded, Type "print script" to view
Vuser 1 created MONITOR - WAIT IDLE
Vuser 2 created - WAIT IDLE
Logging activated
to /tmp/hammerdb.log
2 Virtual Users Created with Monitor VU
Vuser 1:RUNNING
Vuser 1:Initializing xtprof time profiler
Vuser 1:Ssl_cipher
Vuser 1:Beginning rampup time of 1 minutes
Vuser 2:RUNNING
Vuser 2:Initializing xtprof time profiler
Vuser 2:Ssl_cipher
Vuser 2:Processing 10000000 transactions with output suppressed...
Vuser 1:Rampup 1 minutes complete ...
Vuser 1:Rampup complete, Taking start Transaction Count.
Vuser 1:Timing test period of 1 in minutes
Vuser 1:1 ...,
Vuser 1:Test complete, Taking end Transaction Count.
Vuser 1:1 Active Virtual Users configured
Vuser 1:TEST RESULT : System achieved 8499 NOPM from 19694 MySQL TPM
Vuser 1:Gathering timing data from Active Virtual Users...
Vuser 2:FINISHED SUCCESS
Vuser 1:Calculating timings...
Vuser 1:Writing timing data to /tmp/hdbxtprofile.log
Vuser 1:FINISHED SUCCESS
ALL VIRTUAL USERS COMPLETE
vudestroy success

+++++++++++++++++++++++++++++++++++++++++++++
Summarizing results
+++++++++++++++++++++++++++++++++++++++++++++

Scripts can be found at: /root/kubernetes_files/thebeginner86/workloads/db/HammerRuns/HammerDB-Run-2025-02-06_01:46:28/scripts
Logs can be found at: /root/kubernetes_files/thebeginner86/workloads/db/HammerRuns/HammerDB-Run-2025-02-06_01:46:28/logs
Summary can be found at: /root/kubernetes_files/thebeginner86/workloads/db/HammerRuns/HammerDB-Run-2025-02-06_01:46:28/summary

--------------------------
DATABASE
--------------------------
Database: mysql
DB Host: localhost
DB Port: 5432
DB User: root
DB Password: MyNewPass@1
Database Core Affinity: 0-5

--------------------------
HAMMER DB
--------------------------
HammerDB Path: ./HammerDB-4.8
HammerDB Core Affinity: 6-11
Data Warehouses: 1
Virtual Users: 1
Rampup Duration: 1
Benchmark Duration: 1
Iterations: 10000000

--------------------------
SYSTEM
--------------------------
Operating System: CentOS Stream 9
Kernel Version: Linux 6.6.0-srf.bkc.6.6.20.6.19.x86_64
CPU: GENUINE INTEL(R) XEON(R)
GENUINE INTEL(R) XEON(R)
MySQL Version: 8.4.4

--------------------------
GENERATED FILES
--------------------------
Summary file: /root/kubernetes_files/thebeginner86/workloads/db/HammerRuns/HammerDB-Run-2025-02-06_01:46:28/summary
Scripts Directory: /root/kubernetes_files/thebeginner86/workloads/db/HammerRuns/HammerDB-Run-2025-02-06_01:46:28/scripts
Logs Directory: /root/kubernetes_files/thebeginner86/workloads/db/HammerRuns/HammerDB-Run-2025-02-06_01:46:28/logs

--------------------------
RESULTS
--------------------------
NOPM: 8499
TPM: 19694
